<?xml version="1.0" encoding="UTF-8"?>
<!-- Generated by org.testng.reporters.JUnitXMLReporter -->
<testsuite ignored="0" hostname="LAPTOP-JEDB5LJD" failures="0" tests="3" name="Default test" time="21.539" errors="0" timestamp="2023-09-02T11:24:07 IST">
  <testcase classname="TestNg.DataProvider" name="demo" time="8.354"/>
  <testcase classname="TestNg.DataProvider" name="demo" time="6.386"/>
  <testcase classname="TestNg.DataProvider" name="demo" time="6.695"/>
</testsuite> <!-- Default test -->
